`trust_remote_code` is not supported anymore.
Please check that the Hugging Face dataset 'daily_dialog' isn't based on a loading script and remove `trust_remote_code`.
If the dataset is based on a loading script, please ask the dataset author to remove it and convert it to a standard format like Parquet.
Warning: You are sending unauthenticated requests to the HF Hub. Please set a HF_TOKEN to enable higher rate limits and faster downloads.
C:\Users\Arcan\AppData\Local\Programs\Python\Python312\Lib\site-packages\huggingface_hub\file_download.py:138: UserWarning: `huggingface_hub` cache-system uses symlinks by default to efficiently store duplicated files but your machine does not support them in C:\Users\Arcan\.cache\huggingface\hub\datasets--daily_dialog. Caching files will still work but in a degraded version that might require more space on your disk. This warning can be disabled by setting the `HF_HUB_DISABLE_SYMLINKS_WARNING` environment variable. For more details, see https://huggingface.co/docs/huggingface_hub/how-to-cache#limitations.
To support symlinks on Windows, you either need to activate Developer Mode or to run Python as an administrator. In order to activate developer mode, see this article: https://docs.microsoft.com/en-us/windows/apps/get-started/enable-your-device-for-development
  warnings.warn(message)
[obs_encoder] sentence-transformers no disponible — usando encoder de fallback.
============================================================
  EXP-001 -- SmallDecoder from scratch
  Device: cuda
============================================================

[1/5] Cargando tokenizer GPT-2...
  Vocab size: 50,257

[2/5] Cargando datos de dialogo...
[data] Descargando DailyDialog desde HuggingFace...
[data] Error cargando DailyDialog: Dataset scripts are no longer supported, but found daily_dialog.py
  Usando chats de Stella como fallback...
[data] Chats de Stella: 20 sesiones cargadas

[3/5] Cargando RSSM (congelado durante entrenamiento del decoder)...
[RSSM] Sin pesos previos en worldmodel\weights\rssm.pt — iniciando con pesos aleatorios.
  RSSM congelado. language_grads=False.

[4/5] Pre-computando vectores de contexto RSSM...

[data] 753 pares (contexto, respuesta) listos
  Train: 715 | Val: 38

[5/5] Entrenando SmallDecoder (5 epocas, lr=0.0001)...
  Parametros: 38,629,376 (38.6M)
  Epoca  1/5 | train_loss=9.6891 | val_loss=8.7983
  -> Checkpoint guardado (val_loss=8.7983)
  Epoca  2/5 | train_loss=8.1265 | val_loss=7.5971
  -> Checkpoint guardado (val_loss=7.5971)
  Epoca  3/5 | train_loss=7.2323 | val_loss=7.0639
  -> Checkpoint guardado (val_loss=7.0639)
  Epoca  4/5 | train_loss=6.8677 | val_loss=6.8953
  -> Checkpoint guardado (val_loss=6.8953)
  Epoca  5/5 | train_loss=6.7947 | val_loss=6.8805
  -> Checkpoint guardado (val_loss=6.8805)

Entrenamiento completado! Mejor val_loss: 6.8805
Decoder guardado en: worldmodel\weights\decoder.pt

Actualiza EXPERIMENTS.md con los resultados.
============================================================
